{"numTotalTestSuites":75,"numPassedTestSuites":75,"numFailedTestSuites":0,"numPendingTestSuites":0,"numTotalTests":159,"numPassedTests":159,"numFailedTests":0,"numPendingTests":0,"numTodoTests":0,"snapshot":{"added":0,"failure":false,"filesAdded":0,"filesRemoved":0,"filesRemovedList":[],"filesUnmatched":0,"filesUpdated":0,"matched":0,"total":0,"unchecked":0,"uncheckedKeysByFile":[],"unmatched":0,"updated":0,"didUpdate":false},"startTime":1777996787588,"success":true,"testResults":[{"assertionResults":[{"ancestorTitles":["Feature: Button Component","Scenario: Verify default classes"],"fullName":"Feature: Button Component Scenario: Verify default classes Given the component is rendered with defaults","status":"passed","title":"Given the component is rendered with defaults","duration":9.5,"failureMessages":[],"meta":{},"tags":[]},{"ancestorTitles":["Feature: Button Component","Scenario: Verify default classes"],"fullName":"Feature: Button Component Scenario: Verify default classes Then the root element has attribute \"className\" which contains \"ra-button\"","status":"passed","title":"Then the root element has attribute \"className\" which contains \"ra-button\"","duration":0.19999998807907104,"failureMessages":[],"meta":{},"tags":[]},{"ancestorTitles":["Feature: Button Component","Scenario: Verify default classes"],"fullName":"Feature: Button Component Scenario: Verify default classes Then the root element has attribute \"className\" which contains \"no-select\"","status":"passed","title":"Then the root element has attribute \"className\" which contains \"no-select\"","duration":0,"failureMessages":[],"meta":{},"tags":[]},{"ancestorTitles":["Feature: Button Component","Scenario: Verify default classes"],"fullName":"Feature: Button Component Scenario: Verify default classes Then the root element has attribute \"className\" which contains \"ra-clr-int-control\"","status":"passed","title":"Then the root element has attribute \"className\" which contains \"ra-clr-int-control\"","duration":0.10000002384185791,"failureMessages":[],"meta":{},"tags":[]},{"ancestorTitles":["Feature: Button Component","Scenario: Verify \"className\" prop"],"fullName":"Feature: Button Component Scenario: Verify \"className\" prop Given the \"className\" property is set to \"custom-class\"","status":"passed","title":"Given the \"className\" property is set to \"custom-class\"","duration":0.5,"failureMessages":[],"meta":{},"tags":[]},{"ancestorTitles":["Feature: Button Component","Scenario: Verify \"className\" prop"],"fullName":"Feature: Button Component Scenario: Verify \"className\" prop Then the root element has attribute \"className\" which contains \"ra-button\"","status":"passed","title":"Then the root element has attribute \"className\" which contains \"ra-button\"","duration":0,"failureMessages":[],"meta":{},"tags":[]},{"ancestorTitles":["Feature: Button Component","Scenario: Verify \"className\" prop"],"fullName":"Feature: Button Component Scenario: Verify \"className\" prop Then the root element has attribute \"className\" which contains \"custom-class\"","status":"passed","title":"Then the root element has attribute \"className\" which contains \"custom-class\"","duration":0.09999996423721313,"failureMessages":[],"meta":{},"tags":[]},{"ancestorTitles":["Feature: Button Component","Scenario: Verify \"color\" prop applies scheme color classes"],"fullName":"Feature: Button Component Scenario: Verify \"color\" prop applies scheme color classes Given the \"color\" property is set to \"primary\"","status":"passed","title":"Given the \"color\" property is set to \"primary\"","duration":0.30000001192092896,"failureMessages":[],"meta":{},"tags":[]},{"ancestorTitles":["Feature: Button Component","Scenario: Verify \"color\" prop applies scheme color classes"],"fullName":"Feature: Button Component Scenario: Verify \"color\" prop applies scheme color classes Then the root element has attribute \"className\" which contains \"ra-clr-int\"","status":"passed","title":"Then the root element has attribute \"className\" which contains \"ra-clr-int\"","duration":0,"failureMessages":[],"meta":{},"tags":[]},{"ancestorTitles":["Feature: Button Component","Scenario: Verify \"color\" prop applies scheme color classes"],"fullName":"Feature: Button Component Scenario: Verify \"color\" prop applies scheme color classes Then the root element has attribute \"className\" which contains \"ra-clr-int-primary\"","status":"passed","title":"Then the root element has attribute \"className\" which contains \"ra-clr-int-primary\"","duration":0,"failureMessages":[],"meta":{},"tags":[]},{"ancestorTitles":["Feature: Button Component","Scenario: Verify \"color\" prop with \"danger\""],"fullName":"Feature: Button Component Scenario: Verify \"color\" prop with \"danger\" Given the \"color\" property is set to \"danger\"","status":"passed","title":"Given the \"color\" property is set to \"danger\"","duration":0.3999999761581421,"failureMessages":[],"meta":{},"tags":[]},{"ancestorTitles":["Feature: Button Component","Scenario: Verify \"color\" prop with \"danger\""],"fullName":"Feature: Button Component Scenario: Verify \"color\" prop with \"danger\" Then the root element has attribute \"className\" which contains \"ra-clr-int-danger\"","status":"passed","title":"Then the root element has attribute \"className\" which contains \"ra-clr-int-danger\"","duration":0,"failureMessages":[],"meta":{},"tags":[]},{"ancestorTitles":["Feature: Button Component","Scenario: Verify no color classes when color not set"],"fullName":"Feature: Button Component Scenario: Verify no color classes when color not set Given the component is rendered with defaults","status":"passed","title":"Given the component is rendered with defaults","duration":0.19999998807907104,"failureMessages":[],"meta":{},"tags":[]},{"ancestorTitles":["Feature: Button Component","Scenario: Verify no color classes when color not set"],"fullName":"Feature: Button Component Scenario: Verify no color classes when color not set Then the root element has attribute \"className\" which does not contain \"ra-clr-int-primary\"","status":"passed","title":"Then the root element has attribute \"className\" which does not contain \"ra-clr-int-primary\"","duration":0.10000002384185791,"failureMessages":[],"meta":{},"tags":[]},{"ancestorTitles":["Feature: Button Component","Scenario: Verify \"design\" prop applies design class"],"fullName":"Feature: Button Component Scenario: Verify \"design\" prop applies design class Given the \"color\" property is set to \"primary\"","status":"passed","title":"Given the \"color\" property is set to \"primary\"","duration":0.19999998807907104,"failureMessages":[],"meta":{},"tags":[]},{"ancestorTitles":["Feature: Button Component","Scenario: Verify \"design\" prop applies design class"],"fullName":"Feature: Button Component Scenario: Verify \"design\" prop applies design class And the \"design\" property is set to \"fill\"","status":"passed","title":"And the \"design\" property is set to \"fill\"","duration":0.800000011920929,"failureMessages":[],"meta":{},"tags":[]},{"ancestorTitles":["Feature: Button Component","Scenario: Verify \"design\" prop applies design class"],"fullName":"Feature: Button Component Scenario: Verify \"design\" prop applies design class Then the root element has attribute \"className\" which contains \"ra-clr-int-fill\"","status":"passed","title":"Then the root element has attribute \"className\" which contains \"ra-clr-int-fill\"","duration":0,"failureMessages":[],"meta":{},"tags":[]},{"ancestorTitles":["Feature: Button Component","Scenario: Verify \"variant\" prop applies variant class"],"fullName":"Feature: Button Component Scenario: Verify \"variant\" prop applies variant class Given the \"variant\" property is set to \"sm\"","status":"passed","title":"Given the \"variant\" property is set to \"sm\"","duration":0.30000001192092896,"failureMessages":[],"meta":{},"tags":[]},{"ancestorTitles":["Feature: Button Component","Scenario: Verify \"variant\" prop applies variant class"],"fullName":"Feature: Button Component Scenario: Verify \"variant\" prop applies variant class Then the root element has attribute \"className\" which contains \"ra-btn-variant-sm\"","status":"passed","title":"Then the root element has attribute \"className\" which contains \"ra-btn-variant-sm\"","duration":0.09999996423721313,"failureMessages":[],"meta":{},"tags":[]},{"ancestorTitles":["Feature: Button Component","Scenario: Verify no variant class when variant not set"],"fullName":"Feature: Button Component Scenario: Verify no variant class when variant not set Given the component is rendered with defaults","status":"passed","title":"Given the component is rendered with defaults","duration":0.19999998807907104,"failureMessages":[],"meta":{},"tags":[]},{"ancestorTitles":["Feature: Button Component","Scenario: Verify no variant class when variant not set"],"fullName":"Feature: Button Component Scenario: Verify no variant class when variant not set Then the root element has attribute \"className\" which does not contain \"ra-btn-variant\"","status":"passed","title":"Then the root element has attribute \"className\" which does not contain \"ra-btn-variant\"","duration":0,"failureMessages":[],"meta":{},"tags":[]},{"ancestorTitles":["Feature: Button Component","Scenario: Verify default element is button"],"fullName":"Feature: Button Component Scenario: Verify default element is button Given the component is rendered with defaults","status":"passed","title":"Given the component is rendered with defaults","duration":0.09999996423721313,"failureMessages":[],"meta":{},"tags":[]},{"ancestorTitles":["Feature: Button Component","Scenario: Verify default element is button"],"fullName":"Feature: Button Component Scenario: Verify default element is button Then the root element tag is \"BUTTON\"","status":"passed","title":"Then the root element tag is \"BUTTON\"","duration":0.10000002384185791,"failureMessages":[],"meta":{},"tags":[]},{"ancestorTitles":["Feature: Button Component","Scenario: Verify Component prop changes rendered element"],"fullName":"Feature: Button Component Scenario: Verify Component prop changes rendered element Given the component is rendered with Component \"a\"","status":"passed","title":"Given the component is rendered with Component \"a\"","duration":0.30000001192092896,"failureMessages":[],"meta":{},"tags":[]},{"ancestorTitles":["Feature: Button Component","Scenario: Verify Component prop changes rendered element"],"fullName":"Feature: Button Component Scenario: Verify Component prop changes rendered element Then the root element tag is \"A\"","status":"passed","title":"Then the root element tag is \"A\"","duration":0,"failureMessages":[],"meta":{},"tags":[]},{"ancestorTitles":["Feature: Button Component","Scenario: Verify \"disabled\" prop"],"fullName":"Feature: Button Component Scenario: Verify \"disabled\" prop Given the \"disabled\" property is set to true","status":"passed","title":"Given the \"disabled\" property is set to true","duration":0.10000002384185791,"failureMessages":[],"meta":{},"tags":[]},{"ancestorTitles":["Feature: Button Component","Scenario: Verify \"disabled\" prop"],"fullName":"Feature: Button Component Scenario: Verify \"disabled\" prop Then the root element has attribute \"disabled\" which has a value","status":"passed","title":"Then the root element has attribute \"disabled\" which has a value","duration":0,"failureMessages":[],"meta":{},"tags":[]},{"ancestorTitles":["Feature: Button Component","Scenario: Verify children are rendered"],"fullName":"Feature: Button Component Scenario: Verify children are rendered Given the component is rendered with text \"Click Me\"","status":"passed","title":"Given the component is rendered with text \"Click Me\"","duration":1.199999988079071,"failureMessages":[],"meta":{},"tags":[]},{"ancestorTitles":["Feature: Button Component","Scenario: Verify children are rendered"],"fullName":"Feature: Button Component Scenario: Verify children are rendered Then the root element contains text \"Click Me\"","status":"passed","title":"Then the root element contains text \"Click Me\"","duration":0.10000002384185791,"failureMessages":[],"meta":{},"tags":[]},{"ancestorTitles":["Feature: Button Component","Scenario: Verify click handler is called"],"fullName":"Feature: Button Component Scenario: Verify click handler is called Given the component is rendered with an onClick handler","status":"passed","title":"Given the component is rendered with an onClick handler","duration":0.40000003576278687,"failureMessages":[],"meta":{},"tags":[]},{"ancestorTitles":["Feature: Button Component","Scenario: Verify click handler is called"],"fullName":"Feature: Button Component Scenario: Verify click handler is called When the root element is clicked 1 times","status":"passed","title":"When the root element is clicked 1 times","duration":63.19999998807907,"failureMessages":[],"meta":{},"tags":[]},{"ancestorTitles":["Feature: Button Component","Scenario: Verify click handler is called"],"fullName":"Feature: Button Component Scenario: Verify click handler is called Then the click handler was called","status":"passed","title":"Then the click handler was called","duration":0.10000002384185791,"failureMessages":[],"meta":{},"tags":[]}],"startTime":1777996788755,"endTime":1777996788836.1,"status":"passed","message":"","name":"/Users/codemedic42/source/github.com/codemedic42/reform/projects/reactive/src/components/controls/button/tests/button.test.tsx"},{"assertionResults":[{"ancestorTitles":["Feature: Chip Component","Scenario: Verify default className"],"fullName":"Feature: Chip Component Scenario: Verify default className Given the component is rendered with defaults","status":"passed","title":"Given the component is rendered with defaults","duration":1.100000023841858,"failureMessages":[],"meta":{},"tags":[]},{"ancestorTitles":["Feature: Chip Component","Scenario: Verify default className"],"fullName":"Feature: Chip Component Scenario: Verify default className Then the root element has attribute \"className\" which contains \"ra-chip\"","status":"passed","title":"Then the root element has attribute \"className\" which contains \"ra-chip\"","duration":0.09999996423721313,"failureMessages":[],"meta":{},"tags":[]},{"ancestorTitles":["Feature: Chip Component","Scenario: Verify \"id\" prop"],"fullName":"Feature: Chip Component Scenario: Verify \"id\" prop Given the \"id\" property is set to \"foo\"","status":"passed","title":"Given the \"id\" property is set to \"foo\"","duration":0.30000001192092896,"failureMessages":[],"meta":{},"tags":[]},{"ancestorTitles":["Feature: Chip Component","Scenario: Verify \"id\" prop"],"fullName":"Feature: Chip Component Scenario: Verify \"id\" prop Then the root element has attribute \"id\" which is \"foo\"","status":"passed","title":"Then the root element has attribute \"id\" which is \"foo\"","duration":0,"failureMessages":[],"meta":{},"tags":[]},{"ancestorTitles":["Feature: Chip Component","Scenario: Verify \"id\" prop when null"],"fullName":"Feature: Chip Component Scenario: Verify \"id\" prop when null Given the \"id\" property is set to null","status":"passed","title":"Given the \"id\" property is set to null","duration":0.10000002384185791,"failureMessages":[],"meta":{},"tags":[]},{"ancestorTitles":["Feature: Chip Component","Scenario: Verify \"id\" prop when null"],"fullName":"Feature: Chip Component Scenario: Verify \"id\" prop when null Then the root element does not have attribute \"id\"","status":"passed","title":"Then the root element does not have attribute \"id\"","duration":0.09999996423721313,"failureMessages":[],"meta":{},"tags":[]},{"ancestorTitles":["Feature: Chip Component","Scenario: Verify \"className\" prop"],"fullName":"Feature: Chip Component Scenario: Verify \"className\" prop Given the \"className\" property is set to \"custom-class\"","status":"passed","title":"Given the \"className\" property is set to \"custom-class\"","duration":0.10000002384185791,"failureMessages":[],"meta":{},"tags":[]},{"ancestorTitles":["Feature: Chip Component","Scenario: Verify \"className\" prop"],"fullName":"Feature: Chip Component Scenario: Verify \"className\" prop Then the root element has attribute \"className\" which contains \"ra-chip\"","status":"passed","title":"Then the root element has attribute \"className\" which contains \"ra-chip\"","duration":0.10000002384185791,"failureMessages":[],"meta":{},"tags":[]},{"ancestorTitles":["Feature: Chip Component","Scenario: Verify \"className\" prop"],"fullName":"Feature: Chip Component Scenario: Verify \"className\" prop Then the root element has attribute \"className\" which contains \"custom-class\"","status":"passed","title":"Then the root element has attribute \"className\" which contains \"custom-class\"","duration":0,"failureMessages":[],"meta":{},"tags":[]},{"ancestorTitles":["Feature: Chip Component","Scenario: Verify \"className\" prop when null"],"fullName":"Feature: Chip Component Scenario: Verify \"className\" prop when null Given the \"className\" property is set to null","status":"passed","title":"Given the \"className\" property is set to null","duration":0.09999996423721313,"failureMessages":[],"meta":{},"tags":[]},{"ancestorTitles":["Feature: Chip Component","Scenario: Verify \"className\" prop when null"],"fullName":"Feature: Chip Component Scenario: Verify \"className\" prop when null Then the root element has attribute \"className\" which contains \"ra-chip\"","status":"passed","title":"Then the root element has attribute \"className\" which contains \"ra-chip\"","duration":0.10000002384185791,"failureMessages":[],"meta":{},"tags":[]},{"ancestorTitles":["Feature: Chip Component","Scenario: Verify \"className\" prop when null"],"fullName":"Feature: Chip Component Scenario: Verify \"className\" prop when null Then the root element has attribute \"className\" which does not contain \"null\"","status":"passed","title":"Then the root element has attribute \"className\" which does not contain \"null\"","duration":0,"failureMessages":[],"meta":{},"tags":[]},{"ancestorTitles":["Feature: Chip Component","Scenario: Verify default size"],"fullName":"Feature: Chip Component Scenario: Verify default size Given the component is rendered with defaults","status":"passed","title":"Given the component is rendered with defaults","duration":0.09999996423721313,"failureMessages":[],"meta":{},"tags":[]},{"ancestorTitles":["Feature: Chip Component","Scenario: Verify default size"],"fullName":"Feature: Chip Component Scenario: Verify default size Then the root element has attribute \"className\" which contains \"size-md\"","status":"passed","title":"Then the root element has attribute \"className\" which contains \"size-md\"","duration":0.10000002384185791,"failureMessages":[],"meta":{},"tags":[]},{"ancestorTitles":["Feature: Chip Component","Scenario: Verify \"size\" prop set to \"xs\""],"fullName":"Feature: Chip Component Scenario: Verify \"size\" prop set to \"xs\" Given the \"size\" property is set to \"xs\"","status":"passed","title":"Given the \"size\" property is set to \"xs\"","duration":0.10000002384185791,"failureMessages":[],"meta":{},"tags":[]},{"ancestorTitles":["Feature: Chip Component","Scenario: Verify \"size\" prop set to \"xs\""],"fullName":"Feature: Chip Component Scenario: Verify \"size\" prop set to \"xs\" Then the root element has attribute \"className\" which contains \"size-xs\"","status":"passed","title":"Then the root element has attribute \"className\" which contains \"size-xs\"","duration":0,"failureMessages":[],"meta":{},"tags":[]},{"ancestorTitles":["Feature: Chip Component","Scenario: Verify \"size\" prop set to \"sm\""],"fullName":"Feature: Chip Component Scenario: Verify \"size\" prop set to \"sm\" Given the \"size\" property is set to \"sm\"","status":"passed","title":"Given the \"size\" property is set to \"sm\"","duration":0.09999996423721313,"failureMessages":[],"meta":{},"tags":[]},{"ancestorTitles":["Feature: Chip Component","Scenario: Verify \"size\" prop set to \"sm\""],"fullName":"Feature: Chip Component Scenario: Verify \"size\" prop set to \"sm\" Then the root element has attribute \"className\" which contains \"size-sm\"","status":"passed","title":"Then the root element has attribute \"className\" which contains \"size-sm\"","duration":0.10000002384185791,"failureMessages":[],"meta":{},"tags":[]},{"ancestorTitles":["Feature: Chip Component","Scenario: Verify \"size\" prop set to \"lg\""],"fullName":"Feature: Chip Component Scenario: Verify \"size\" prop set to \"lg\" Given the \"size\" property is set to \"lg\"","status":"passed","title":"Given the \"size\" property is set to \"lg\"","duration":0,"failureMessages":[],"meta":{},"tags":[]},{"ancestorTitles":["Feature: Chip Component","Scenario: Verify \"size\" prop set to \"lg\""],"fullName":"Feature: Chip Component Scenario: Verify \"size\" prop set to \"lg\" Then the root element has attribute \"className\" which contains \"size-lg\"","status":"passed","title":"Then the root element has attribute \"className\" which contains \"size-lg\"","duration":0.09999996423721313,"failureMessages":[],"meta":{},"tags":[]},{"ancestorTitles":["Feature: Chip Component","Scenario: Verify \"size\" prop set to \"xl\""],"fullName":"Feature: Chip Component Scenario: Verify \"size\" prop set to \"xl\" Given the \"size\" property is set to \"xl\"","status":"passed","title":"Given the \"size\" property is set to \"xl\"","duration":0.10000002384185791,"failureMessages":[],"meta":{},"tags":[]},{"ancestorTitles":["Feature: Chip Component","Scenario: Verify \"size\" prop set to \"xl\""],"fullName":"Feature: Chip Component Scenario: Verify \"size\" prop set to \"xl\" Then the root element has attribute \"className\" which contains \"size-xl\"","status":"passed","title":"Then the root element has attribute \"className\" which contains \"size-xl\"","duration":0,"failureMessages":[],"meta":{},"tags":[]},{"ancestorTitles":["Feature: Chip Component","Scenario: Verify \"size\" prop when null defaults to md"],"fullName":"Feature: Chip Component Scenario: Verify \"size\" prop when null defaults to md Given the \"size\" property is set to null","status":"passed","title":"Given the \"size\" property is set to null","duration":0.09999996423721313,"failureMessages":[],"meta":{},"tags":[]},{"ancestorTitles":["Feature: Chip Component","Scenario: Verify \"size\" prop when null defaults to md"],"fullName":"Feature: Chip Component Scenario: Verify \"size\" prop when null defaults to md Then the root element has attribute \"className\" which contains \"size-md\"","status":"passed","title":"Then the root element has attribute \"className\" which contains \"size-md\"","duration":0,"failureMessages":[],"meta":{},"tags":[]},{"ancestorTitles":["Feature: Chip Component","Scenario: Verify default variant"],"fullName":"Feature: Chip Component Scenario: Verify default variant Given the component is rendered with defaults","status":"passed","title":"Given the component is rendered with defaults","duration":0.19999998807907104,"failureMessages":[],"meta":{},"tags":[]},{"ancestorTitles":["Feature: Chip Component","Scenario: Verify default variant"],"fullName":"Feature: Chip Component Scenario: Verify default variant Then the root element has attribute \"className\" which contains \"variant-rectangle\"","status":"passed","title":"Then the root element has attribute \"className\" which contains \"variant-rectangle\"","duration":0,"failureMessages":[],"meta":{},"tags":[]},{"ancestorTitles":["Feature: Chip Component","Scenario: Verify \"variant\" prop set to \"pill\""],"fullName":"Feature: Chip Component Scenario: Verify \"variant\" prop set to \"pill\" Given the \"variant\" property is set to \"pill\"","status":"passed","title":"Given the \"variant\" property is set to \"pill\"","duration":0.10000002384185791,"failureMessages":[],"meta":{},"tags":[]},{"ancestorTitles":["Feature: Chip Component","Scenario: Verify \"variant\" prop set to \"pill\""],"fullName":"Feature: Chip Component Scenario: Verify \"variant\" prop set to \"pill\" Then the root element has attribute \"className\" which contains \"variant-pill\"","status":"passed","title":"Then the root element has attribute \"className\" which contains \"variant-pill\"","duration":0,"failureMessages":[],"meta":{},"tags":[]},{"ancestorTitles":["Feature: Chip Component","Scenario: Verify \"variant\" prop when null defaults to rectangle"],"fullName":"Feature: Chip Component Scenario: Verify \"variant\" prop when null defaults to rectangle Given the \"variant\" property is set to null","status":"passed","title":"Given the \"variant\" property is set to null","duration":0,"failureMessages":[],"meta":{},"tags":[]},{"ancestorTitles":["Feature: Chip Component","Scenario: Verify \"variant\" prop when null defaults to rectangle"],"fullName":"Feature: Chip Component Scenario: Verify \"variant\" prop when null defaults to rectangle Then the root element has attribute \"className\" which contains \"variant-rectangle\"","status":"passed","title":"Then the root element has attribute \"className\" which contains \"variant-rectangle\"","duration":0,"failureMessages":[],"meta":{},"tags":[]},{"ancestorTitles":["Feature: Chip Component","Scenario: Verify \"color\" prop applies palette color class"],"fullName":"Feature: Chip Component Scenario: Verify \"color\" prop applies palette color class Given the \"color\" property is set to \"blue\"","status":"passed","title":"Given the \"color\" property is set to \"blue\"","duration":0.19999998807907104,"failureMessages":[],"meta":{},"tags":[]},{"ancestorTitles":["Feature: Chip Component","Scenario: Verify \"color\" prop applies palette color class"],"fullName":"Feature: Chip Component Scenario: Verify \"color\" prop applies palette color class Then the root element has attribute \"className\" which contains \"ra-clr-plt-blue\"","status":"passed","title":"Then the root element has attribute \"className\" which contains \"ra-clr-plt-blue\"","duration":0,"failureMessages":[],"meta":{},"tags":[]},{"ancestorTitles":["Feature: Chip Component","Scenario: Verify \"color\" prop applies palette color class"],"fullName":"Feature: Chip Component Scenario: Verify \"color\" prop applies palette color class Then the root element has attribute \"className\" which contains \"plt-bg\"","status":"passed","title":"Then the root element has attribute \"className\" which contains \"plt-bg\"","duration":0,"failureMessages":[],"meta":{},"tags":[]},{"ancestorTitles":["Feature: Chip Component","Scenario: Verify \"color\" prop applies palette color class"],"fullName":"Feature: Chip Component Scenario: Verify \"color\" prop applies palette color class Then the root element has attribute \"className\" which contains \"plt-clr\"","status":"passed","title":"Then the root element has attribute \"className\" which contains \"plt-clr\"","duration":0.09999996423721313,"failureMessages":[],"meta":{},"tags":[]},{"ancestorTitles":["Feature: Chip Component","Scenario: Verify default shade when color is set"],"fullName":"Feature: Chip Component Scenario: Verify default shade when color is set Given the \"color\" property is set to \"blue\"","status":"passed","title":"Given the \"color\" property is set to \"blue\"","duration":0,"failureMessages":[],"meta":{},"tags":[]},{"ancestorTitles":["Feature: Chip Component","Scenario: Verify default shade when color is set"],"fullName":"Feature: Chip Component Scenario: Verify default shade when color is set Then the root element has attribute \"className\" which contains \"plt-200\"","status":"passed","title":"Then the root element has attribute \"className\" which contains \"plt-200\"","duration":0.10000002384185791,"failureMessages":[],"meta":{},"tags":[]},{"ancestorTitles":["Feature: Chip Component","Scenario: Verify \"shade\" prop"],"fullName":"Feature: Chip Component Scenario: Verify \"shade\" prop Given the \"color\" property is set to \"blue\"","status":"passed","title":"Given the \"color\" property is set to \"blue\"","duration":0,"failureMessages":[],"meta":{},"tags":[]},{"ancestorTitles":["Feature: Chip Component","Scenario: Verify \"shade\" prop"],"fullName":"Feature: Chip Component Scenario: Verify \"shade\" prop And the \"shade\" property is set to \"500\"","status":"passed","title":"And the \"shade\" property is set to \"500\"","duration":0.10000002384185791,"failureMessages":[],"meta":{},"tags":[]},{"ancestorTitles":["Feature: Chip Component","Scenario: Verify \"shade\" prop"],"fullName":"Feature: Chip Component Scenario: Verify \"shade\" prop Then the root element has attribute \"className\" which contains \"plt-500\"","status":"passed","title":"Then the root element has attribute \"className\" which contains \"plt-500\"","duration":0.09999996423721313,"failureMessages":[],"meta":{},"tags":[]},{"ancestorTitles":["Feature: Chip Component","Scenario: Verify \"bordered\" prop adds border class"],"fullName":"Feature: Chip Component Scenario: Verify \"bordered\" prop adds border class Given the \"color\" property is set to \"blue\"","status":"passed","title":"Given the \"color\" property is set to \"blue\"","duration":0.10000002384185791,"failureMessages":[],"meta":{},"tags":[]},{"ancestorTitles":["Feature: Chip Component","Scenario: Verify \"bordered\" prop adds border class"],"fullName":"Feature: Chip Component Scenario: Verify \"bordered\" prop adds border class And the \"bordered\" property is set to true","status":"passed","title":"And the \"bordered\" property is set to true","duration":0,"failureMessages":[],"meta":{},"tags":[]},{"ancestorTitles":["Feature: Chip Component","Scenario: Verify \"bordered\" prop adds border class"],"fullName":"Feature: Chip Component Scenario: Verify \"bordered\" prop adds border class Then the root element has attribute \"className\" which contains \"plt-br\"","status":"passed","title":"Then the root element has attribute \"className\" which contains \"plt-br\"","duration":0,"failureMessages":[],"meta":{},"tags":[]},{"ancestorTitles":["Feature: Chip Component","Scenario: Verify \"bordered\" prop when false"],"fullName":"Feature: Chip Component Scenario: Verify \"bordered\" prop when false Given the \"color\" property is set to \"blue\"","status":"passed","title":"Given the \"color\" property is set to \"blue\"","duration":0.10000002384185791,"failureMessages":[],"meta":{},"tags":[]},{"ancestorTitles":["Feature: Chip Component","Scenario: Verify \"bordered\" prop when false"],"fullName":"Feature: Chip Component Scenario: Verify \"bordered\" prop when false And the \"bordered\" property is set to false","status":"passed","title":"And the \"bordered\" property is set to false","duration":0.10000002384185791,"failureMessages":[],"meta":{},"tags":[]},{"ancestorTitles":["Feature: Chip Component","Scenario: Verify \"bordered\" prop when false"],"fullName":"Feature: Chip Component Scenario: Verify \"bordered\" prop when false Then the root element has attribute \"className\" which does not contain \"plt-br\"","status":"passed","title":"Then the root element has attribute \"className\" which does not contain \"plt-br\"","duration":0,"failureMessages":[],"meta":{},"tags":[]},{"ancestorTitles":["Feature: Chip Component","Scenario: Verify \"floating\" prop adds shadow class"],"fullName":"Feature: Chip Component Scenario: Verify \"floating\" prop adds shadow class Given the \"floating\" property is set to true","status":"passed","title":"Given the \"floating\" property is set to true","duration":0.09999996423721313,"failureMessages":[],"meta":{},"tags":[]},{"ancestorTitles":["Feature: Chip Component","Scenario: Verify \"floating\" prop adds shadow class"],"fullName":"Feature: Chip Component Scenario: Verify \"floating\" prop adds shadow class Then the root element has attribute \"className\" which contains \"box-shadow-16dp\"","status":"passed","title":"Then the root element has attribute \"className\" which contains \"box-shadow-16dp\"","duration":0,"failureMessages":[],"meta":{},"tags":[]},{"ancestorTitles":["Feature: Chip Component","Scenario: Verify \"floating\" prop when false"],"fullName":"Feature: Chip Component Scenario: Verify \"floating\" prop when false Given the \"floating\" property is set to false","status":"passed","title":"Given the \"floating\" property is set to false","duration":0.09999996423721313,"failureMessages":[],"meta":{},"tags":[]},{"ancestorTitles":["Feature: Chip Component","Scenario: Verify \"floating\" prop when false"],"fullName":"Feature: Chip Component Scenario: Verify \"floating\" prop when false Then the root element has attribute \"className\" which does not contain \"box-shadow-16dp\"","status":"passed","title":"Then the root element has attribute \"className\" which does not contain \"box-shadow-16dp\"","duration":0,"failureMessages":[],"meta":{},"tags":[]},{"ancestorTitles":["Feature: Chip Component","Scenario: Verify \"disabled\" prop adds disabled class"],"fullName":"Feature: Chip Component Scenario: Verify \"disabled\" prop adds disabled class Given the \"disabled\" property is set to true","status":"passed","title":"Given the \"disabled\" property is set to true","duration":0,"failureMessages":[],"meta":{},"tags":[]},{"ancestorTitles":["Feature: Chip Component","Scenario: Verify \"disabled\" prop adds disabled class"],"fullName":"Feature: Chip Component Scenario: Verify \"disabled\" prop adds disabled class Then the root element has attribute \"className\" which contains \"disabled\"","status":"passed","title":"Then the root element has attribute \"className\" which contains \"disabled\"","duration":0.10000002384185791,"failureMessages":[],"meta":{},"tags":[]},{"ancestorTitles":["Feature: Chip Component","Scenario: Verify \"disabled\" prop when false"],"fullName":"Feature: Chip Component Scenario: Verify \"disabled\" prop when false Given the component is rendered with defaults","status":"passed","title":"Given the component is rendered with defaults","duration":0.09999996423721313,"failureMessages":[],"meta":{},"tags":[]},{"ancestorTitles":["Feature: Chip Component","Scenario: Verify \"disabled\" prop when false"],"fullName":"Feature: Chip Component Scenario: Verify \"disabled\" prop when false Then the root element has attribute \"className\" which does not contain \"disabled\"","status":"passed","title":"Then the root element has attribute \"className\" which does not contain \"disabled\"","duration":0,"failureMessages":[],"meta":{},"tags":[]},{"ancestorTitles":["Feature: Chip Component","Scenario: Verify renders as span by default"],"fullName":"Feature: Chip Component Scenario: Verify renders as span by default Given the component is rendered with defaults","status":"passed","title":"Given the component is rendered with defaults","duration":0.10000002384185791,"failureMessages":[],"meta":{},"tags":[]},{"ancestorTitles":["Feature: Chip Component","Scenario: Verify renders as span by default"],"fullName":"Feature: Chip Component Scenario: Verify renders as span by default Then the root element tag is \"SPAN\"","status":"passed","title":"Then the root element tag is \"SPAN\"","duration":0,"failureMessages":[],"meta":{},"tags":[]},{"ancestorTitles":["Feature: Chip Component","Scenario: Verify renders as button when onClick is set"],"fullName":"Feature: Chip Component Scenario: Verify renders as button when onClick is set Given the component is rendered with an onClick handler","status":"passed","title":"Given the component is rendered with an onClick handler","duration":0.20000004768371582,"failureMessages":[],"meta":{},"tags":[]},{"ancestorTitles":["Feature: Chip Component","Scenario: Verify renders as button when onClick is set"],"fullName":"Feature: Chip Component Scenario: Verify renders as button when onClick is set Then the root element tag is \"BUTTON\"","status":"passed","title":"Then the root element tag is \"BUTTON\"","duration":0,"failureMessages":[],"meta":{},"tags":[]},{"ancestorTitles":["Feature: Chip Component","Scenario: Verify renders as button when onClick is set"],"fullName":"Feature: Chip Component Scenario: Verify renders as button when onClick is set Then the root element has attribute \"type\" which is \"button\"","status":"passed","title":"Then the root element has attribute \"type\" which is \"button\"","duration":0,"failureMessages":[],"meta":{},"tags":[]},{"ancestorTitles":["Feature: Chip Component","Scenario: Verify renders as button when asButton is true"],"fullName":"Feature: Chip Component Scenario: Verify renders as button when asButton is true Given the \"asButton\" property is set to true","status":"passed","title":"Given the \"asButton\" property is set to true","duration":0.10000002384185791,"failureMessages":[],"meta":{},"tags":[]},{"ancestorTitles":["Feature: Chip Component","Scenario: Verify renders as button when asButton is true"],"fullName":"Feature: Chip Component Scenario: Verify renders as button when asButton is true Then the root element tag is \"BUTTON\"","status":"passed","title":"Then the root element tag is \"BUTTON\"","duration":0.09999996423721313,"failureMessages":[],"meta":{},"tags":[]},{"ancestorTitles":["Feature: Chip Component","Scenario: Verify children are rendered"],"fullName":"Feature: Chip Component Scenario: Verify children are rendered Given the component is rendered with text \"Chip Label\"","status":"passed","title":"Given the component is rendered with text \"Chip Label\"","duration":0.10000002384185791,"failureMessages":[],"meta":{},"tags":[]},{"ancestorTitles":["Feature: Chip Component","Scenario: Verify children are rendered"],"fullName":"Feature: Chip Component Scenario: Verify children are rendered Then the root element contains text \"Chip Label\"","status":"passed","title":"Then the root element contains text \"Chip Label\"","duration":0.10000002384185791,"failureMessages":[],"meta":{},"tags":[]}],"startTime":1777996789044,"endTime":1777996789050.2,"status":"passed","message":"","name":"/Users/codemedic42/source/github.com/codemedic42/reform/projects/reactive/src/components/display/chip/tests/chip.test.tsx"},{"assertionResults":[{"ancestorTitles":["Feature: Typography Component","Scenario: Verify default className"],"fullName":"Feature: Typography Component Scenario: Verify default className Given the component is rendered with no props","status":"passed","title":"Given the component is rendered with no props","duration":1,"failureMessages":[],"meta":{},"tags":[]},{"ancestorTitles":["Feature: Typography Component","Scenario: Verify default className"],"fullName":"Feature: Typography Component Scenario: Verify default className Then the root element has attribute \"className\" which contains \"ra-typography\"","status":"passed","title":"Then the root element has attribute \"className\" which contains \"ra-typography\"","duration":0.10000002384185791,"failureMessages":[],"meta":{},"tags":[]},{"ancestorTitles":["Feature: Typography Component","Scenario: Verify custom className is applied"],"fullName":"Feature: Typography Component Scenario: Verify custom className is applied Given the \"className\" property is set to \"custom-class\"","status":"passed","title":"Given the \"className\" property is set to \"custom-class\"","duration":0.20000004768371582,"failureMessages":[],"meta":{},"tags":[]},{"ancestorTitles":["Feature: Typography Component","Scenario: Verify custom className is applied"],"fullName":"Feature: Typography Component Scenario: Verify custom className is applied Then the root element has attribute \"className\" which contains \"ra-typography\"","status":"passed","title":"Then the root element has attribute \"className\" which contains \"ra-typography\"","duration":0.09999996423721313,"failureMessages":[],"meta":{},"tags":[]},{"ancestorTitles":["Feature: Typography Component","Scenario: Verify custom className is applied"],"fullName":"Feature: Typography Component Scenario: Verify custom className is applied Then the root element has attribute \"className\" which contains \"custom-class\"","status":"passed","title":"Then the root element has attribute \"className\" which contains \"custom-class\"","duration":0,"failureMessages":[],"meta":{},"tags":[]},{"ancestorTitles":["Feature: Typography Component","Scenario: Verify null className does not add \"null\" text"],"fullName":"Feature: Typography Component Scenario: Verify null className does not add \"null\" text Given the \"className\" property is set to null","status":"passed","title":"Given the \"className\" property is set to null","duration":0.30000001192092896,"failureMessages":[],"meta":{},"tags":[]},{"ancestorTitles":["Feature: Typography Component","Scenario: Verify null className does not add \"null\" text"],"fullName":"Feature: Typography Component Scenario: Verify null className does not add \"null\" text Then the root element has attribute \"className\" which contains \"ra-typography\"","status":"passed","title":"Then the root element has attribute \"className\" which contains \"ra-typography\"","duration":0,"failureMessages":[],"meta":{},"tags":[]},{"ancestorTitles":["Feature: Typography Component","Scenario: Verify null className does not add \"null\" text"],"fullName":"Feature: Typography Component Scenario: Verify null className does not add \"null\" text Then the root element has attribute \"className\" which does not contain \"null\"","status":"passed","title":"Then the root element has attribute \"className\" which does not contain \"null\"","duration":0,"failureMessages":[],"meta":{},"tags":[]},{"ancestorTitles":["Feature: Typography Component","Scenario: Verify inline prop adds inline class"],"fullName":"Feature: Typography Component Scenario: Verify inline prop adds inline class Given the \"inline\" property is set to true","status":"passed","title":"Given the \"inline\" property is set to true","duration":0.09999996423721313,"failureMessages":[],"meta":{},"tags":[]},{"ancestorTitles":["Feature: Typography Component","Scenario: Verify inline prop adds inline class"],"fullName":"Feature: Typography Component Scenario: Verify inline prop adds inline class Then the root element has attribute \"className\" which contains \"inline\"","status":"passed","title":"Then the root element has attribute \"className\" which contains \"inline\"","duration":0,"failureMessages":[],"meta":{},"tags":[]},{"ancestorTitles":["Feature: Typography Component","Scenario: Verify inline prop default does not add inline class"],"fullName":"Feature: Typography Component Scenario: Verify inline prop default does not add inline class Given the component is rendered with no props","status":"passed","title":"Given the component is rendered with no props","duration":0.09999996423721313,"failureMessages":[],"meta":{},"tags":[]},{"ancestorTitles":["Feature: Typography Component","Scenario: Verify inline prop default does not add inline class"],"fullName":"Feature: Typography Component Scenario: Verify inline prop default does not add inline class Then the root element has attribute \"className\" which does not contain \"inline\"","status":"passed","title":"Then the root element has attribute \"className\" which does not contain \"inline\"","duration":0,"failureMessages":[],"meta":{},"tags":[]},{"ancestorTitles":["Feature: Typography Component","Scenario: Verify color prop applies palette color class"],"fullName":"Feature: Typography Component Scenario: Verify color prop applies palette color class Given the \"color\" property is set to \"blue\"","status":"passed","title":"Given the \"color\" property is set to \"blue\"","duration":0,"failureMessages":[],"meta":{},"tags":[]},{"ancestorTitles":["Feature: Typography Component","Scenario: Verify color prop applies palette color class"],"fullName":"Feature: Typography Component Scenario: Verify color prop applies palette color class Then the root element has attribute \"className\" which contains \"ra-clr-plt-blue\"","status":"passed","title":"Then the root element has attribute \"className\" which contains \"ra-clr-plt-blue\"","duration":0,"failureMessages":[],"meta":{},"tags":[]},{"ancestorTitles":["Feature: Typography Component","Scenario: Verify shade prop applies shade class"],"fullName":"Feature: Typography Component Scenario: Verify shade prop applies shade class Given the \"color\" property is set to \"blue\"","status":"passed","title":"Given the \"color\" property is set to \"blue\"","duration":0.19999998807907104,"failureMessages":[],"meta":{},"tags":[]},{"ancestorTitles":["Feature: Typography Component","Scenario: Verify shade prop applies shade class"],"fullName":"Feature: Typography Component Scenario: Verify shade prop applies shade class And the \"shade\" property is set to \"500\"","status":"passed","title":"And the \"shade\" property is set to \"500\"","duration":0,"failureMessages":[],"meta":{},"tags":[]},{"ancestorTitles":["Feature: Typography Component","Scenario: Verify shade prop applies shade class"],"fullName":"Feature: Typography Component Scenario: Verify shade prop applies shade class Then the root element has attribute \"className\" which contains \"plt-500\"","status":"passed","title":"Then the root element has attribute \"className\" which contains \"plt-500\"","duration":0,"failureMessages":[],"meta":{},"tags":[]},{"ancestorTitles":["Feature: Typography Component","Scenario: Verify children are rendered"],"fullName":"Feature: Typography Component Scenario: Verify children are rendered Given the component is rendered with text \"Hello World\"","status":"passed","title":"Given the component is rendered with text \"Hello World\"","duration":0.20000004768371582,"failureMessages":[],"meta":{},"tags":[]},{"ancestorTitles":["Feature: Typography Component","Scenario: Verify children are rendered"],"fullName":"Feature: Typography Component Scenario: Verify children are rendered Then the root element has text \"Hello World\"","status":"passed","title":"Then the root element has text \"Hello World\"","duration":0,"failureMessages":[],"meta":{},"tags":[]},{"ancestorTitles":["Feature: Typography Component","Scenario: Verify default element is span"],"fullName":"Feature: Typography Component Scenario: Verify default element is span Given the component is rendered with no props","status":"passed","title":"Given the component is rendered with no props","duration":0.09999996423721313,"failureMessages":[],"meta":{},"tags":[]},{"ancestorTitles":["Feature: Typography Component","Scenario: Verify default element is span"],"fullName":"Feature: Typography Component Scenario: Verify default element is span Then the root element tag is \"SPAN\"","status":"passed","title":"Then the root element tag is \"SPAN\"","duration":0.10000002384185791,"failureMessages":[],"meta":{},"tags":[]},{"ancestorTitles":["Feature: Typography Component","Scenario: Verify Component prop changes rendered element"],"fullName":"Feature: Typography Component Scenario: Verify Component prop changes rendered element Given the \"Component\" property is set to \"h1\"","status":"passed","title":"Given the \"Component\" property is set to \"h1\"","duration":0.10000002384185791,"failureMessages":[],"meta":{},"tags":[]},{"ancestorTitles":["Feature: Typography Component","Scenario: Verify Component prop changes rendered element"],"fullName":"Feature: Typography Component Scenario: Verify Component prop changes rendered element Then the root element tag is \"H1\"","status":"passed","title":"Then the root element tag is \"H1\"","duration":0,"failureMessages":[],"meta":{},"tags":[]}],"startTime":1777996789136,"endTime":1777996789139.2,"status":"passed","message":"","name":"/Users/codemedic42/source/github.com/codemedic42/reform/projects/reactive/src/components/display/typography/tests/typography.test.tsx"},{"assertionResults":[{"ancestorTitles":["Feature: TextField Component","Scenario: Verify default classes"],"fullName":"Feature: TextField Component Scenario: Verify default classes Given the component is rendered with defaults","status":"passed","title":"Given the component is rendered with defaults","duration":2.099999964237213,"failureMessages":[],"meta":{},"tags":[]},{"ancestorTitles":["Feature: TextField Component","Scenario: Verify default classes"],"fullName":"Feature: TextField Component Scenario: Verify default classes Then the root element has attribute \"className\" which contains \"ra-field\"","status":"passed","title":"Then the root element has attribute \"className\" which contains \"ra-field\"","duration":0.10000002384185791,"failureMessages":[],"meta":{},"tags":[]},{"ancestorTitles":["Feature: TextField Component","Scenario: Verify \"id\" prop"],"fullName":"Feature: TextField Component Scenario: Verify \"id\" prop Given the \"id\" property is set to \"foo\"","status":"passed","title":"Given the \"id\" property is set to \"foo\"","duration":0.30000001192092896,"failureMessages":[],"meta":{},"tags":[]},{"ancestorTitles":["Feature: TextField Component","Scenario: Verify \"id\" prop"],"fullName":"Feature: TextField Component Scenario: Verify \"id\" prop Then the root element has attribute \"id\" which is \"foo\"","status":"passed","title":"Then the root element has attribute \"id\" which is \"foo\"","duration":0,"failureMessages":[],"meta":{},"tags":[]},{"ancestorTitles":["Feature: TextField Component","Scenario: Verify \"id\" prop"],"fullName":"Feature: TextField Component Scenario: Verify \"id\" prop Then the \".ra-field-label\" element has attribute \"id\" which is \"foo-label\"","status":"passed","title":"Then the \".ra-field-label\" element has attribute \"id\" which is \"foo-label\"","duration":0.09999996423721313,"failureMessages":[],"meta":{},"tags":[]},{"ancestorTitles":["Feature: TextField Component","Scenario: Verify \"id\" prop"],"fullName":"Feature: TextField Component Scenario: Verify \"id\" prop Then the \".ra-field-input\" element has attribute \"id\" which is \"foo-input\"","status":"passed","title":"Then the \".ra-field-input\" element has attribute \"id\" which is \"foo-input\"","duration":0,"failureMessages":[],"meta":{},"tags":[]},{"ancestorTitles":["Feature: TextField Component","Scenario: Verify auto-generated id when not provided"],"fullName":"Feature: TextField Component Scenario: Verify auto-generated id when not provided Given the component is rendered with defaults","status":"passed","title":"Given the component is rendered with defaults","duration":0.30000001192092896,"failureMessages":[],"meta":{},"tags":[]},{"ancestorTitles":["Feature: TextField Component","Scenario: Verify auto-generated id when not provided"],"fullName":"Feature: TextField Component Scenario: Verify auto-generated id when not provided Then the root element has attribute \"id\" which has a value","status":"passed","title":"Then the root element has attribute \"id\" which has a value","duration":0,"failureMessages":[],"meta":{},"tags":[]},{"ancestorTitles":["Feature: TextField Component","Scenario: Verify \"className\" prop"],"fullName":"Feature: TextField Component Scenario: Verify \"className\" prop Given the \"className\" property is set to \"custom-class\"","status":"passed","title":"Given the \"className\" property is set to \"custom-class\"","duration":0.30000001192092896,"failureMessages":[],"meta":{},"tags":[]},{"ancestorTitles":["Feature: TextField Component","Scenario: Verify \"className\" prop"],"fullName":"Feature: TextField Component Scenario: Verify \"className\" prop Then the root element has attribute \"className\" which contains \"ra-field\"","status":"passed","title":"Then the root element has attribute \"className\" which contains \"ra-field\"","duration":0,"failureMessages":[],"meta":{},"tags":[]},{"ancestorTitles":["Feature: TextField Component","Scenario: Verify \"className\" prop"],"fullName":"Feature: TextField Component Scenario: Verify \"className\" prop Then the root element has attribute \"className\" which contains \"custom-class\"","status":"passed","title":"Then the root element has attribute \"className\" which contains \"custom-class\"","duration":0,"failureMessages":[],"meta":{},"tags":[]},{"ancestorTitles":["Feature: TextField Component","Scenario: Verify \"className\" prop when null"],"fullName":"Feature: TextField Component Scenario: Verify \"className\" prop when null Given the \"className\" property is set to null","status":"passed","title":"Given the \"className\" property is set to null","duration":0.19999998807907104,"failureMessages":[],"meta":{},"tags":[]},{"ancestorTitles":["Feature: TextField Component","Scenario: Verify \"className\" prop when null"],"fullName":"Feature: TextField Component Scenario: Verify \"className\" prop when null Then the root element has attribute \"className\" which contains \"ra-field\"","status":"passed","title":"Then the root element has attribute \"className\" which contains \"ra-field\"","duration":0,"failureMessages":[],"meta":{},"tags":[]},{"ancestorTitles":["Feature: TextField Component","Scenario: Verify \"className\" prop when null"],"fullName":"Feature: TextField Component Scenario: Verify \"className\" prop when null Then the root element has attribute \"className\" which does not contain \"null\"","status":"passed","title":"Then the root element has attribute \"className\" which does not contain \"null\"","duration":0,"failureMessages":[],"meta":{},"tags":[]},{"ancestorTitles":["Feature: TextField Component","Scenario: Verify \"label\" prop renders label text"],"fullName":"Feature: TextField Component Scenario: Verify \"label\" prop renders label text Given the \"label\" property is set to \"Username\"","status":"passed","title":"Given the \"label\" property is set to \"Username\"","duration":0.40000003576278687,"failureMessages":[],"meta":{},"tags":[]},{"ancestorTitles":["Feature: TextField Component","Scenario: Verify \"label\" prop renders label text"],"fullName":"Feature: TextField Component Scenario: Verify \"label\" prop renders label text Then the \".ra-field-label-text\" element has text \"Username\"","status":"passed","title":"Then the \".ra-field-label-text\" element has text \"Username\"","duration":0.09999996423721313,"failureMessages":[],"meta":{},"tags":[]},{"ancestorTitles":["Feature: TextField Component","Scenario: Verify \"variant\" prop applies variant class"],"fullName":"Feature: TextField Component Scenario: Verify \"variant\" prop applies variant class Given the \"variant\" property is set to \"primary\"","status":"passed","title":"Given the \"variant\" property is set to \"primary\"","duration":0.20000004768371582,"failureMessages":[],"meta":{},"tags":[]},{"ancestorTitles":["Feature: TextField Component","Scenario: Verify \"variant\" prop applies variant class"],"fullName":"Feature: TextField Component Scenario: Verify \"variant\" prop applies variant class Then the root element has attribute \"className\" which contains \"ra-field-variant-primary\"","status":"passed","title":"Then the root element has attribute \"className\" which contains \"ra-field-variant-primary\"","duration":0,"failureMessages":[],"meta":{},"tags":[]},{"ancestorTitles":["Feature: TextField Component","Scenario: Verify \"hidden\" prop adds hidden class"],"fullName":"Feature: TextField Component Scenario: Verify \"hidden\" prop adds hidden class Given the \"hidden\" property is set to true","status":"passed","title":"Given the \"hidden\" property is set to true","duration":0.09999996423721313,"failureMessages":[],"meta":{},"tags":[]},{"ancestorTitles":["Feature: TextField Component","Scenario: Verify \"hidden\" prop adds hidden class"],"fullName":"Feature: TextField Component Scenario: Verify \"hidden\" prop adds hidden class Then the root element has attribute \"className\" which contains \"hidden\"","status":"passed","title":"Then the root element has attribute \"className\" which contains \"hidden\"","duration":0,"failureMessages":[],"meta":{},"tags":[]},{"ancestorTitles":["Feature: TextField Component","Scenario: Verify hidden class not present by default"],"fullName":"Feature: TextField Component Scenario: Verify hidden class not present by default Given the component is rendered with defaults","status":"passed","title":"Given the component is rendered with defaults","duration":0.30000001192092896,"failureMessages":[],"meta":{},"tags":[]},{"ancestorTitles":["Feature: TextField Component","Scenario: Verify hidden class not present by default"],"fullName":"Feature: TextField Component Scenario: Verify hidden class not present by default Then the root element has attribute \"className\" which does not contain \"hidden\"","status":"passed","title":"Then the root element has attribute \"className\" which does not contain \"hidden\"","duration":0,"failureMessages":[],"meta":{},"tags":[]},{"ancestorTitles":["Feature: TextField Component","Scenario: Verify \"failure\" prop adds failure class"],"fullName":"Feature: TextField Component Scenario: Verify \"failure\" prop adds failure class Given the \"failure\" property is set to true","status":"passed","title":"Given the \"failure\" property is set to true","duration":0.09999996423721313,"failureMessages":[],"meta":{},"tags":[]},{"ancestorTitles":["Feature: TextField Component","Scenario: Verify \"failure\" prop adds failure class"],"fullName":"Feature: TextField Component Scenario: Verify \"failure\" prop adds failure class Then the root element has attribute \"className\" which contains \"failure\"","status":"passed","title":"Then the root element has attribute \"className\" which contains \"failure\"","duration":0,"failureMessages":[],"meta":{},"tags":[]},{"ancestorTitles":["Feature: TextField Component","Scenario: Verify failure class not present by default"],"fullName":"Feature: TextField Component Scenario: Verify failure class not present by default Given the component is rendered with defaults","status":"passed","title":"Given the component is rendered with defaults","duration":0.19999998807907104,"failureMessages":[],"meta":{},"tags":[]},{"ancestorTitles":["Feature: TextField Component","Scenario: Verify failure class not present by default"],"fullName":"Feature: TextField Component Scenario: Verify failure class not present by default Then the root element has attribute \"className\" which does not contain \"failure\"","status":"passed","title":"Then the root element has attribute \"className\" which does not contain \"failure\"","duration":0,"failureMessages":[],"meta":{},"tags":[]},{"ancestorTitles":["Feature: TextField Component","Scenario: Verify \"disabled\" prop disables the input"],"fullName":"Feature: TextField Component Scenario: Verify \"disabled\" prop disables the input Given the \"disabled\" property is set to true","status":"passed","title":"Given the \"disabled\" property is set to true","duration":0.30000001192092896,"failureMessages":[],"meta":{},"tags":[]},{"ancestorTitles":["Feature: TextField Component","Scenario: Verify \"disabled\" prop disables the input"],"fullName":"Feature: TextField Component Scenario: Verify \"disabled\" prop disables the input Then the \".ra-field-input\" element has attribute \"disabled\" which has a value","status":"passed","title":"Then the \".ra-field-input\" element has attribute \"disabled\" which has a value","duration":0,"failureMessages":[],"meta":{},"tags":[]},{"ancestorTitles":["Feature: TextField Component","Scenario: Verify \"value\" prop sets input value"],"fullName":"Feature: TextField Component Scenario: Verify \"value\" prop sets input value Given the \"value\" property is set to \"hello\"","status":"passed","title":"Given the \"value\" property is set to \"hello\"","duration":0.19999998807907104,"failureMessages":[],"meta":{},"tags":[]},{"ancestorTitles":["Feature: TextField Component","Scenario: Verify \"value\" prop sets input value"],"fullName":"Feature: TextField Component Scenario: Verify \"value\" prop sets input value Then the \".ra-field-input\" element has attribute \"value\" which is \"hello\"","status":"passed","title":"Then the \".ra-field-input\" element has attribute \"value\" which is \"hello\"","duration":0,"failureMessages":[],"meta":{},"tags":[]},{"ancestorTitles":["Feature: TextField Component","Scenario: Verify has-value class when value is set"],"fullName":"Feature: TextField Component Scenario: Verify has-value class when value is set Given the \"value\" property is set to \"hello\"","status":"passed","title":"Given the \"value\" property is set to \"hello\"","duration":0.19999998807907104,"failureMessages":[],"meta":{},"tags":[]},{"ancestorTitles":["Feature: TextField Component","Scenario: Verify has-value class when value is set"],"fullName":"Feature: TextField Component Scenario: Verify has-value class when value is set Then the \".ra-field-input\" element has attribute \"className\" which contains \"has-value\"","status":"passed","title":"Then the \".ra-field-input\" element has attribute \"className\" which contains \"has-value\"","duration":0,"failureMessages":[],"meta":{},"tags":[]},{"ancestorTitles":["Feature: TextField Component","Scenario: Verify no has-value class when value is null"],"fullName":"Feature: TextField Component Scenario: Verify no has-value class when value is null Given the \"value\" property is set to null","status":"passed","title":"Given the \"value\" property is set to null","duration":0.19999998807907104,"failureMessages":[],"meta":{},"tags":[]},{"ancestorTitles":["Feature: TextField Component","Scenario: Verify no has-value class when value is null"],"fullName":"Feature: TextField Component Scenario: Verify no has-value class when value is null Then the \".ra-field-input\" element has attribute \"className\" which does not contain \"has-value\"","status":"passed","title":"Then the \".ra-field-input\" element has attribute \"className\" which does not contain \"has-value\"","duration":0,"failureMessages":[],"meta":{},"tags":[]},{"ancestorTitles":["Feature: TextField Component","Scenario: Verify input element exists"],"fullName":"Feature: TextField Component Scenario: Verify input element exists Given the component is rendered with defaults","status":"passed","title":"Given the component is rendered with defaults","duration":8.800000011920929,"failureMessages":[],"meta":{},"tags":[]},{"ancestorTitles":["Feature: TextField Component","Scenario: Verify input element exists"],"fullName":"Feature: TextField Component Scenario: Verify input element exists Then the \".ra-field-input\" element should exist","status":"passed","title":"Then the \".ra-field-input\" element should exist","duration":0.10000002384185791,"failureMessages":[],"meta":{},"tags":[]},{"ancestorTitles":["Feature: TextField Component","Scenario: Verify input element exists"],"fullName":"Feature: TextField Component Scenario: Verify input element exists Then the \".ra-field-label\" element should exist","status":"passed","title":"Then the \".ra-field-label\" element should exist","duration":0,"failureMessages":[],"meta":{},"tags":[]},{"ancestorTitles":["Feature: TextField Component","Scenario: Verify input element exists"],"fullName":"Feature: TextField Component Scenario: Verify input element exists Then the \".ra-field-container\" element should exist","status":"passed","title":"Then the \".ra-field-container\" element should exist","duration":0.09999996423721313,"failureMessages":[],"meta":{},"tags":[]},{"ancestorTitles":["Feature: TextField Component","Scenario: Verify label-input relationship"],"fullName":"Feature: TextField Component Scenario: Verify label-input relationship Given the \"id\" property is set to \"test\"","status":"passed","title":"Given the \"id\" property is set to \"test\"","duration":0.5,"failureMessages":[],"meta":{},"tags":[]},{"ancestorTitles":["Feature: TextField Component","Scenario: Verify label-input relationship"],"fullName":"Feature: TextField Component Scenario: Verify label-input relationship And the \"label\" property is set to \"Test Label\"","status":"passed","title":"And the \"label\" property is set to \"Test Label\"","duration":0.3999999761581421,"failureMessages":[],"meta":{},"tags":[]},{"ancestorTitles":["Feature: TextField Component","Scenario: Verify label-input relationship"],"fullName":"Feature: TextField Component Scenario: Verify label-input relationship Then the \".ra-field-label\" element has attribute \"htmlFor\" which is \"test-input\"","status":"passed","title":"Then the \".ra-field-label\" element has attribute \"htmlFor\" which is \"test-input\"","duration":0.10000002384185791,"failureMessages":[],"meta":{},"tags":[]},{"ancestorTitles":["Feature: TextField Component","Scenario: Verify label-input relationship"],"fullName":"Feature: TextField Component Scenario: Verify label-input relationship Then the \".ra-field-input\" element has attribute \"id\" which is \"test-input\"","status":"passed","title":"Then the \".ra-field-input\" element has attribute \"id\" which is \"test-input\"","duration":0,"failureMessages":[],"meta":{},"tags":[]}],"startTime":1777996788945,"endTime":1777996788962.1,"status":"passed","message":"","name":"/Users/codemedic42/source/github.com/codemedic42/reform/projects/reactive/src/components/fields/text-field/tests/text-field.test.tsx"}]}